[2026-01-15 15:26:11] ERROR: Uncaught Exception: listen EADDRINUSE: address already in use :::5000
[2026-01-15 15:27:05] ERROR: Uncaught Exception: listen EADDRINUSE: address already in use :::5000
[2026-01-15 15:27:39] ERROR: Uncaught Exception: listen EADDRINUSE: address already in use :::5000
[2026-01-15 15:35:28] ERROR: TypeError: Cannot destructure property 'username' of 'req.body' as it is undefined.
    at file:///C:/Users/shashank/Chat-App/backend/src/controllers/auth.controller.js:9:13
    at file:///C:/Users/shashank/Chat-App/backend/src/utils/asyncHandler.js:2:21
    at Layer.handleRequest (C:\Users\shashank\Chat-App\backend\node_modules\router\lib\layer.js:152:17)
    at next (C:\Users\shashank\Chat-App\backend\node_modules\router\lib\route.js:157:13)
    at Route.dispatch (C:\Users\shashank\Chat-App\backend\node_modules\router\lib\route.js:117:3)
    at handle (C:\Users\shashank\Chat-App\backend\node_modules\router\index.js:435:11)
    at Layer.handleRequest (C:\Users\shashank\Chat-App\backend\node_modules\router\lib\layer.js:152:17)
    at C:\Users\shashank\Chat-App\backend\node_modules\router\index.js:295:15
    at processParams (C:\Users\shashank\Chat-App\backend\node_modules\router\index.js:582:12)
    at next (C:\Users\shashank\Chat-App\backend\node_modules\router\index.js:291:5)
[2026-01-15 15:36:35] ERROR: TypeError: Cannot destructure property 'username' of 'req.body' as it is undefined.
    at file:///C:/Users/shashank/Chat-App/backend/src/controllers/auth.controller.js:9:13
    at file:///C:/Users/shashank/Chat-App/backend/src/utils/asyncHandler.js:2:21
    at Layer.handleRequest (C:\Users\shashank\Chat-App\backend\node_modules\router\lib\layer.js:152:17)
    at next (C:\Users\shashank\Chat-App\backend\node_modules\router\lib\route.js:157:13)
    at Route.dispatch (C:\Users\shashank\Chat-App\backend\node_modules\router\lib\route.js:117:3)
    at handle (C:\Users\shashank\Chat-App\backend\node_modules\router\index.js:435:11)
    at Layer.handleRequest (C:\Users\shashank\Chat-App\backend\node_modules\router\lib\layer.js:152:17)
    at C:\Users\shashank\Chat-App\backend\node_modules\router\index.js:295:15
    at processParams (C:\Users\shashank\Chat-App\backend\node_modules\router\index.js:582:12)
    at next (C:\Users\shashank\Chat-App\backend\node_modules\router\index.js:291:5)
[2026-01-15 15:38:13] ERROR: TypeError: Cannot destructure property 'username' of 'req.body' as it is undefined.
    at file:///C:/Users/shashank/Chat-App/backend/src/controllers/auth.controller.js:9:13
    at file:///C:/Users/shashank/Chat-App/backend/src/utils/asyncHandler.js:2:21
    at Layer.handleRequest (C:\Users\shashank\Chat-App\backend\node_modules\router\lib\layer.js:152:17)
    at next (C:\Users\shashank\Chat-App\backend\node_modules\router\lib\route.js:157:13)
    at Route.dispatch (C:\Users\shashank\Chat-App\backend\node_modules\router\lib\route.js:117:3)
    at handle (C:\Users\shashank\Chat-App\backend\node_modules\router\index.js:435:11)
    at Layer.handleRequest (C:\Users\shashank\Chat-App\backend\node_modules\router\lib\layer.js:152:17)
    at C:\Users\shashank\Chat-App\backend\node_modules\router\index.js:295:15
    at processParams (C:\Users\shashank\Chat-App\backend\node_modules\router\index.js:582:12)
    at next (C:\Users\shashank\Chat-App\backend\node_modules\router\index.js:291:5)
[2026-01-15 15:53:09] ERROR: TypeError: Cannot destructure property 'username' of 'req.body' as it is undefined.
    at file:///C:/Users/shashank/Chat-App/backend/src/controllers/auth.controller.js:14:13
    at file:///C:/Users/shashank/Chat-App/backend/src/utils/asyncHandler.js:2:21
    at Layer.handleRequest (C:\Users\shashank\Chat-App\backend\node_modules\router\lib\layer.js:152:17)
    at next (C:\Users\shashank\Chat-App\backend\node_modules\router\lib\route.js:157:13)
    at Route.dispatch (C:\Users\shashank\Chat-App\backend\node_modules\router\lib\route.js:117:3)
    at handle (C:\Users\shashank\Chat-App\backend\node_modules\router\index.js:435:11)
    at Layer.handleRequest (C:\Users\shashank\Chat-App\backend\node_modules\router\lib\layer.js:152:17)
    at C:\Users\shashank\Chat-App\backend\node_modules\router\index.js:295:15
    at processParams (C:\Users\shashank\Chat-App\backend\node_modules\router\index.js:582:12)
    at next (C:\Users\shashank\Chat-App\backend\node_modules\router\index.js:291:5)
[2026-01-15 15:55:32] ERROR: Error: username, email and password are required
    at Module.register (file:///C:/Users/shashank/Chat-App/backend/src/services/auth.service.js:19:21)
    at file:///C:/Users/shashank/Chat-App/backend/src/controllers/auth.controller.js:15:36
    at file:///C:/Users/shashank/Chat-App/backend/src/utils/asyncHandler.js:2:21
    at Layer.handle [as handle_request] (C:\Users\shashank\Chat-App\backend\node_modules\express\lib\router\layer.js:95:5)
    at next (C:\Users\shashank\Chat-App\backend\node_modules\express\lib\router\route.js:149:13)
    at Route.dispatch (C:\Users\shashank\Chat-App\backend\node_modules\express\lib\router\route.js:119:3)
    at Layer.handle [as handle_request] (C:\Users\shashank\Chat-App\backend\node_modules\express\lib\router\layer.js:95:5)
    at C:\Users\shashank\Chat-App\backend\node_modules\express\lib\router\index.js:284:15
    at router.process_params (C:\Users\shashank\Chat-App\backend\node_modules\express\lib\router\index.js:346:12)
    at next (C:\Users\shashank\Chat-App\backend\node_modules\express\lib\router\index.js:280:10)
[2026-01-15 15:58:12] ERROR: Error: email and password are required
    at Module.login (file:///C:/Users/shashank/Chat-App/backend/src/services/auth.service.js:49:21)
    at file:///C:/Users/shashank/Chat-App/backend/src/controllers/auth.controller.js:27:36
    at file:///C:/Users/shashank/Chat-App/backend/src/utils/asyncHandler.js:2:21
    at Layer.handle [as handle_request] (C:\Users\shashank\Chat-App\backend\node_modules\express\lib\router\layer.js:95:5)
    at next (C:\Users\shashank\Chat-App\backend\node_modules\express\lib\router\route.js:149:13)
    at Route.dispatch (C:\Users\shashank\Chat-App\backend\node_modules\express\lib\router\route.js:119:3)
    at Layer.handle [as handle_request] (C:\Users\shashank\Chat-App\backend\node_modules\express\lib\router\layer.js:95:5)
    at C:\Users\shashank\Chat-App\backend\node_modules\express\lib\router\index.js:284:15
    at router.process_params (C:\Users\shashank\Chat-App\backend\node_modules\express\lib\router\index.js:346:12)
    at next (C:\Users\shashank\Chat-App\backend\node_modules\express\lib\router\index.js:280:10)
[2026-01-15 16:24:55] ERROR: Error: Invalid token
    at verifyToken (file:///C:/Users/shashank/Chat-App/backend/src/middlewares/verifyToken.js:31:17)
    at Layer.handle [as handle_request] (C:\Users\shashank\Chat-App\backend\node_modules\express\lib\router\layer.js:95:5)
    at next (C:\Users\shashank\Chat-App\backend\node_modules\express\lib\router\route.js:149:13)
    at Route.dispatch (C:\Users\shashank\Chat-App\backend\node_modules\express\lib\router\route.js:119:3)
    at Layer.handle [as handle_request] (C:\Users\shashank\Chat-App\backend\node_modules\express\lib\router\layer.js:95:5)
    at C:\Users\shashank\Chat-App\backend\node_modules\express\lib\router\index.js:284:15
    at param (C:\Users\shashank\Chat-App\backend\node_modules\express\lib\router\index.js:365:14)
    at param (C:\Users\shashank\Chat-App\backend\node_modules\express\lib\router\index.js:376:14)
    at router.process_params (C:\Users\shashank\Chat-App\backend\node_modules\express\lib\router\index.js:421:3)
    at next (C:\Users\shashank\Chat-App\backend\node_modules\express\lib\router\index.js:280:10)
[2026-01-15 16:25:46] ERROR: Error: Invalid token
    at verifyToken (file:///C:/Users/shashank/Chat-App/backend/src/middlewares/verifyToken.js:31:17)
    at Layer.handle [as handle_request] (C:\Users\shashank\Chat-App\backend\node_modules\express\lib\router\layer.js:95:5)
    at next (C:\Users\shashank\Chat-App\backend\node_modules\express\lib\router\route.js:149:13)
    at Route.dispatch (C:\Users\shashank\Chat-App\backend\node_modules\express\lib\router\route.js:119:3)
    at Layer.handle [as handle_request] (C:\Users\shashank\Chat-App\backend\node_modules\express\lib\router\layer.js:95:5)
    at C:\Users\shashank\Chat-App\backend\node_modules\express\lib\router\index.js:284:15
    at param (C:\Users\shashank\Chat-App\backend\node_modules\express\lib\router\index.js:365:14)
    at param (C:\Users\shashank\Chat-App\backend\node_modules\express\lib\router\index.js:376:14)
    at router.process_params (C:\Users\shashank\Chat-App\backend\node_modules\express\lib\router\index.js:421:3)
    at next (C:\Users\shashank\Chat-App\backend\node_modules\express\lib\router\index.js:280:10)
[2026-01-15 16:26:20] ERROR: Error: Invalid token
    at verifyToken (file:///C:/Users/shashank/Chat-App/backend/src/middlewares/verifyToken.js:31:17)
    at Layer.handle [as handle_request] (C:\Users\shashank\Chat-App\backend\node_modules\express\lib\router\layer.js:95:5)
    at next (C:\Users\shashank\Chat-App\backend\node_modules\express\lib\router\route.js:149:13)
    at Route.dispatch (C:\Users\shashank\Chat-App\backend\node_modules\express\lib\router\route.js:119:3)
    at Layer.handle [as handle_request] (C:\Users\shashank\Chat-App\backend\node_modules\express\lib\router\layer.js:95:5)
    at C:\Users\shashank\Chat-App\backend\node_modules\express\lib\router\index.js:284:15
    at router.process_params (C:\Users\shashank\Chat-App\backend\node_modules\express\lib\router\index.js:346:12)
    at next (C:\Users\shashank\Chat-App\backend\node_modules\express\lib\router\index.js:280:10)
    at router.handle (C:\Users\shashank\Chat-App\backend\node_modules\express\lib\router\index.js:175:3)
    at router (C:\Users\shashank\Chat-App\backend\node_modules\express\lib\router\index.js:47:12)
[2026-01-15 16:27:11] ERROR: Error: Invalid token
    at verifyToken (file:///C:/Users/shashank/Chat-App/backend/src/middlewares/verifyToken.js:31:17)
    at Layer.handle [as handle_request] (C:\Users\shashank\Chat-App\backend\node_modules\express\lib\router\layer.js:95:5)
    at next (C:\Users\shashank\Chat-App\backend\node_modules\express\lib\router\route.js:149:13)
    at Route.dispatch (C:\Users\shashank\Chat-App\backend\node_modules\express\lib\router\route.js:119:3)
    at Layer.handle [as handle_request] (C:\Users\shashank\Chat-App\backend\node_modules\express\lib\router\layer.js:95:5)
    at C:\Users\shashank\Chat-App\backend\node_modules\express\lib\router\index.js:284:15
    at param (C:\Users\shashank\Chat-App\backend\node_modules\express\lib\router\index.js:365:14)
    at param (C:\Users\shashank\Chat-App\backend\node_modules\express\lib\router\index.js:376:14)
    at router.process_params (C:\Users\shashank\Chat-App\backend\node_modules\express\lib\router\index.js:421:3)
    at next (C:\Users\shashank\Chat-App\backend\node_modules\express\lib\router\index.js:280:10)
[2026-01-15 16:27:35] ERROR: Error: Invalid token
    at verifyToken (file:///C:/Users/shashank/Chat-App/backend/src/middlewares/verifyToken.js:31:17)
    at Layer.handle [as handle_request] (C:\Users\shashank\Chat-App\backend\node_modules\express\lib\router\layer.js:95:5)
    at next (C:\Users\shashank\Chat-App\backend\node_modules\express\lib\router\route.js:149:13)
    at Route.dispatch (C:\Users\shashank\Chat-App\backend\node_modules\express\lib\router\route.js:119:3)
    at Layer.handle [as handle_request] (C:\Users\shashank\Chat-App\backend\node_modules\express\lib\router\layer.js:95:5)
    at C:\Users\shashank\Chat-App\backend\node_modules\express\lib\router\index.js:284:15
    at param (C:\Users\shashank\Chat-App\backend\node_modules\express\lib\router\index.js:365:14)
    at param (C:\Users\shashank\Chat-App\backend\node_modules\express\lib\router\index.js:376:14)
    at router.process_params (C:\Users\shashank\Chat-App\backend\node_modules\express\lib\router\index.js:421:3)
    at next (C:\Users\shashank\Chat-App\backend\node_modules\express\lib\router\index.js:280:10)
[2026-01-15 16:30:20] ERROR: Error: Invalid token
    at verifyToken (file:///C:/Users/shashank/Chat-App/backend/src/middlewares/verifyToken.js:31:17)
    at Layer.handle [as handle_request] (C:\Users\shashank\Chat-App\backend\node_modules\express\lib\router\layer.js:95:5)
    at next (C:\Users\shashank\Chat-App\backend\node_modules\express\lib\router\route.js:149:13)
    at Route.dispatch (C:\Users\shashank\Chat-App\backend\node_modules\express\lib\router\route.js:119:3)
    at Layer.handle [as handle_request] (C:\Users\shashank\Chat-App\backend\node_modules\express\lib\router\layer.js:95:5)
    at C:\Users\shashank\Chat-App\backend\node_modules\express\lib\router\index.js:284:15
    at param (C:\Users\shashank\Chat-App\backend\node_modules\express\lib\router\index.js:365:14)
    at param (C:\Users\shashank\Chat-App\backend\node_modules\express\lib\router\index.js:376:14)
    at router.process_params (C:\Users\shashank\Chat-App\backend\node_modules\express\lib\router\index.js:421:3)
    at next (C:\Users\shashank\Chat-App\backend\node_modules\express\lib\router\index.js:280:10)
[2026-01-15 16:42:45] ERROR: Error: Invalid token
    at verifyToken (file:///C:/Users/shashank/Chat-App/backend/src/middlewares/verifyToken.js:31:17)
    at Layer.handle [as handle_request] (C:\Users\shashank\Chat-App\backend\node_modules\express\lib\router\layer.js:95:5)
    at next (C:\Users\shashank\Chat-App\backend\node_modules\express\lib\router\route.js:149:13)
    at Route.dispatch (C:\Users\shashank\Chat-App\backend\node_modules\express\lib\router\route.js:119:3)
    at Layer.handle [as handle_request] (C:\Users\shashank\Chat-App\backend\node_modules\express\lib\router\layer.js:95:5)
    at C:\Users\shashank\Chat-App\backend\node_modules\express\lib\router\index.js:284:15
    at router.process_params (C:\Users\shashank\Chat-App\backend\node_modules\express\lib\router\index.js:346:12)
    at next (C:\Users\shashank\Chat-App\backend\node_modules\express\lib\router\index.js:280:10)
    at router.handle (C:\Users\shashank\Chat-App\backend\node_modules\express\lib\router\index.js:175:3)
    at router (C:\Users\shashank\Chat-App\backend\node_modules\express\lib\router\index.js:47:12)
